build/app/intermediates/manifest_merge_blame_file/debug/manifest-merger-blame-debug-report.txt
1<?xml version="1.0" encoding="utf-8"?>
2<manifest xmlns:android="http://schemas.android.com/apk/res/android"
3    package="felipe.samu.baitadelivery"
4    android:versionCode="1"
5    android:versionName="1.0.0" > <!-- <uses-permission android:name="android.permission.ACCESS_FINE_LOCATION" /> -->
6    <uses-sdk
7        android:minSdkVersion="21"
8        android:targetSdkVersion="28" />
9    <!--
10         Flutter needs it to communicate with the running application
11         to allow setting breakpoints, to provide hot reload, etc.
12    -->
13    <uses-permission android:name="android.permission.INTERNET" />
13-->src\debug\AndroidManifest.xml:6:5-66
13-->src\debug\AndroidManifest.xml:6:22-64
14    <uses-permission android:name="android.permission.ACCESS_COARSE_LOCATION" />
14-->src\main\AndroidManifest.xml:47:5-81
14-->src\main\AndroidManifest.xml:47:22-78
15    <uses-permission android:name="android.permission.ACCESS_FINE_LOCATION" />
15-->[:geolocator] AndroidManifest.xml:7:5-79
15-->[:geolocator] AndroidManifest.xml:7:22-76
16    <uses-permission android:name="android.permission.ACCESS_NETWORK_STATE" />
16-->[:firebase_analytics] AndroidManifest.xml:7:5-79
16-->[:firebase_analytics] AndroidManifest.xml:7:22-76
17    <uses-permission android:name="android.permission.WAKE_LOCK" /> <!-- Required by older versions of Google Play services to create IID tokens -->
17-->[:firebase_analytics] AndroidManifest.xml:9:5-68
17-->[:firebase_analytics] AndroidManifest.xml:9:22-65
18    <uses-permission android:name="com.google.android.c2dm.permission.RECEIVE" />
18-->[com.google.firebase:firebase-iid:17.1.2] AndroidManifest.xml:26:5-82
18-->[com.google.firebase:firebase-iid:17.1.2] AndroidManifest.xml:26:22-79
19    <uses-permission android:name="com.google.android.finsky.permission.BIND_GET_INSTALL_REFERRER_SERVICE" />
19-->[com.google.android.gms:play-services-measurement:16.5.0] AndroidManifest.xml:26:5-110
19-->[com.google.android.gms:play-services-measurement:16.5.0] AndroidManifest.xml:26:22-107
20    <!--
21 io.flutter.app.FlutterApplication is an android.app.Application that
22         calls FlutterMain.startInitialization(this); in its onCreate method.
23         In most cases you can leave this as-is, but you if you want to provide
24         additional functionality it is fine to subclass or reimplement
25         FlutterApplication and put your custom class here.
26    -->
27    <application
27-->src\main\AndroidManifest.xml:8:5-46:19
28        android:name="io.flutter.app.FlutterApplication"
28-->src\main\AndroidManifest.xml:9:9-57
29        android:appComponentFactory="androidx.core.app.CoreComponentFactory"
29-->[androidx.core:core:1.2.0] AndroidManifest.xml:24:18-86
30        android:debuggable="true"
31        android:icon="@mipmap/ic_launcher"
31-->src\main\AndroidManifest.xml:11:9-43
32        android:label="baitadelivery" >
32-->src\main\AndroidManifest.xml:10:9-38
33        <activity
33-->src\main\AndroidManifest.xml:12:9-40:20
34            android:name="felipe.samu.baitadelivery.MainActivity"
34-->src\main\AndroidManifest.xml:13:13-41
35            android:configChanges="orientation|keyboardHidden|keyboard|screenSize|smallestScreenSize|locale|layoutDirection|fontScale|screenLayout|density|uiMode"
35-->src\main\AndroidManifest.xml:16:13-163
36            android:hardwareAccelerated="true"
36-->src\main\AndroidManifest.xml:17:13-47
37            android:launchMode="singleTop"
37-->src\main\AndroidManifest.xml:14:13-43
38            android:theme="@style/LaunchTheme"
38-->src\main\AndroidManifest.xml:15:13-47
39            android:windowSoftInputMode="adjustResize" >
39-->src\main\AndroidManifest.xml:18:13-55
40
41            <!--
42                 Specifies an Android theme to apply to this Activity as soon as
43                 the Android process has started. This theme is visible to the user
44                 while the Flutter UI initializes. After that, this theme continues
45                 to determine the Window background behind the Flutter UI.
46            -->
47            <meta-data
47-->src\main\AndroidManifest.xml:23:13-26:17
48                android:name="io.flutter.embedding.android.NormalTheme"
48-->src\main\AndroidManifest.xml:24:15-70
49                android:resource="@style/NormalTheme" />
49-->src\main\AndroidManifest.xml:25:15-52
50            <!--
51                 Displays an Android View that continues showing the launch screen
52                 Drawable until Flutter paints its first frame, then this splash
53                 screen fades out. A splash screen is useful to avoid any visual
54                 gap between the end of Android's launch screen and the painting of
55                 Flutter's first frame.
56            -->
57            <meta-data
57-->src\main\AndroidManifest.xml:32:13-35:17
58                android:name="io.flutter.embedding.android.SplashScreenDrawable"
58-->src\main\AndroidManifest.xml:33:15-79
59                android:resource="@drawable/launch_background" />
59-->src\main\AndroidManifest.xml:34:15-61
60
61            <intent-filter>
61-->src\main\AndroidManifest.xml:36:13-39:29
62                <action android:name="android.intent.action.MAIN" />
62-->src\main\AndroidManifest.xml:37:17-68
62-->src\main\AndroidManifest.xml:37:25-66
63
64                <category android:name="android.intent.category.LAUNCHER" />
64-->src\main\AndroidManifest.xml:38:17-76
64-->src\main\AndroidManifest.xml:38:27-74
65            </intent-filter>
66        </activity>
67        <!--
68             Don't delete the meta-data below.
69             This is used by the Flutter tool to generate GeneratedPluginRegistrant.java
70        -->
71        <meta-data
71-->src\main\AndroidManifest.xml:43:9-45:33
72            android:name="flutterEmbedding"
72-->src\main\AndroidManifest.xml:44:13-44
73            android:value="2" />
73-->src\main\AndroidManifest.xml:45:13-30
74
75        <service
75-->[:firebase_storage] AndroidManifest.xml:8:9-12:19
76            android:name="com.google.firebase.components.ComponentDiscoveryService"
76-->[:firebase_storage] AndroidManifest.xml:8:18-89
77            android:directBootAware="true"
77-->[com.google.firebase:firebase-common:19.3.0] AndroidManifest.xml:34:13-43
78            android:exported="false" >
78-->[com.google.firebase:firebase-firestore:21.3.0] AndroidManifest.xml:19:13-37
79            <meta-data
79-->[:firebase_storage] AndroidManifest.xml:9:13-11:85
80                android:name="com.google.firebase.components:io.flutter.plugins.firebase.storage.FlutterFirebaseAppRegistrar"
80-->[:firebase_storage] AndroidManifest.xml:10:17-126
81                android:value="com.google.firebase.components.ComponentRegistrar" />
81-->[:firebase_storage] AndroidManifest.xml:11:17-82
82            <meta-data
82-->[:firebase_auth] AndroidManifest.xml:9:13-11:85
83                android:name="com.google.firebase.components:io.flutter.plugins.firebaseauth.FlutterFirebaseAppRegistrar"
83-->[:firebase_auth] AndroidManifest.xml:10:17-122
84                android:value="com.google.firebase.components.ComponentRegistrar" />
84-->[:firebase_auth] AndroidManifest.xml:11:17-82
85            <meta-data
85-->[:cloud_firestore] AndroidManifest.xml:9:13-11:85
86                android:name="com.google.firebase.components:io.flutter.plugins.firebase.cloudfirestore.FlutterFirebaseAppRegistrar"
86-->[:cloud_firestore] AndroidManifest.xml:10:17-133
87                android:value="com.google.firebase.components.ComponentRegistrar" />
87-->[:cloud_firestore] AndroidManifest.xml:11:17-82
88            <meta-data
88-->[:firebase_core] AndroidManifest.xml:9:13-11:85
89                android:name="com.google.firebase.components:io.flutter.plugins.firebase.core.FlutterFirebaseAppRegistrar"
89-->[:firebase_core] AndroidManifest.xml:10:17-123
90                android:value="com.google.firebase.components.ComponentRegistrar" />
90-->[:firebase_core] AndroidManifest.xml:11:17-82
91            <meta-data
91-->[:firebase_analytics] AndroidManifest.xml:13:13-15:85
92                android:name="com.google.firebase.components:io.flutter.plugins.firebaseanalytics.FlutterFirebaseAppRegistrar"
92-->[:firebase_analytics] AndroidManifest.xml:14:17-127
93                android:value="com.google.firebase.components.ComponentRegistrar" />
93-->[:firebase_analytics] AndroidManifest.xml:15:17-82
94            <meta-data
94-->[com.google.firebase:firebase-storage:17.0.0] AndroidManifest.xml:31:13-33:85
95                android:name="com.google.firebase.components:com.google.firebase.storage.StorageRegistrar"
95-->[com.google.firebase:firebase-storage:17.0.0] AndroidManifest.xml:32:17-107
96                android:value="com.google.firebase.components.ComponentRegistrar" />
96-->[com.google.firebase:firebase-storage:17.0.0] AndroidManifest.xml:33:17-82
97            <meta-data
97-->[com.google.firebase:firebase-firestore:21.3.0] AndroidManifest.xml:20:13-22:85
98                android:name="com.google.firebase.components:com.google.firebase.firestore.FirestoreRegistrar"
98-->[com.google.firebase:firebase-firestore:21.3.0] AndroidManifest.xml:21:17-111
99                android:value="com.google.firebase.components.ComponentRegistrar" />
99-->[com.google.firebase:firebase-firestore:21.3.0] AndroidManifest.xml:22:17-82
100            <meta-data
100-->[com.google.firebase:firebase-auth:19.2.0] AndroidManifest.xml:36:13-38:85
101                android:name="com.google.firebase.components:com.google.firebase.auth.FirebaseAuthRegistrar"
101-->[com.google.firebase:firebase-auth:19.2.0] AndroidManifest.xml:37:17-109
102                android:value="com.google.firebase.components.ComponentRegistrar" />
102-->[com.google.firebase:firebase-auth:19.2.0] AndroidManifest.xml:38:17-82
103            <meta-data
103-->[com.google.android.gms:play-services-measurement-api:16.5.0] AndroidManifest.xml:30:13-32:85
104                android:name="com.google.firebase.components:com.google.firebase.analytics.connector.internal.AnalyticsConnectorRegistrar"
104-->[com.google.android.gms:play-services-measurement-api:16.5.0] AndroidManifest.xml:31:17-139
105                android:value="com.google.firebase.components.ComponentRegistrar" />
105-->[com.google.android.gms:play-services-measurement-api:16.5.0] AndroidManifest.xml:32:17-82
106            <meta-data
106-->[com.google.firebase:firebase-iid:17.1.2] AndroidManifest.xml:32:13-34:85
107                android:name="com.google.firebase.components:com.google.firebase.iid.Registrar"
107-->[com.google.firebase:firebase-iid:17.1.2] AndroidManifest.xml:33:17-96
108                android:value="com.google.firebase.components.ComponentRegistrar" />
108-->[com.google.firebase:firebase-iid:17.1.2] AndroidManifest.xml:34:17-82
109        </service>
110
111        <activity
111-->[com.google.android.gms:play-services-auth:16.0.1] AndroidManifest.xml:23:9-27:75
112            android:name="com.google.android.gms.auth.api.signin.internal.SignInHubActivity"
112-->[com.google.android.gms:play-services-auth:16.0.1] AndroidManifest.xml:24:13-93
113            android:excludeFromRecents="true"
113-->[com.google.android.gms:play-services-auth:16.0.1] AndroidManifest.xml:25:13-46
114            android:exported="false"
114-->[com.google.android.gms:play-services-auth:16.0.1] AndroidManifest.xml:26:13-37
115            android:theme="@android:style/Theme.Translucent.NoTitleBar" />
115-->[com.google.android.gms:play-services-auth:16.0.1] AndroidManifest.xml:27:13-72
116        <!--
117            Service handling Google Sign-In user revocation. For apps that do not integrate with
118            Google Sign-In, this service will never be started.
119        -->
120        <service
120-->[com.google.android.gms:play-services-auth:16.0.1] AndroidManifest.xml:33:9-36:110
121            android:name="com.google.android.gms.auth.api.signin.RevocationBoundService"
121-->[com.google.android.gms:play-services-auth:16.0.1] AndroidManifest.xml:34:13-89
122            android:exported="true"
122-->[com.google.android.gms:play-services-auth:16.0.1] AndroidManifest.xml:35:13-36
123            android:permission="com.google.android.gms.auth.api.signin.permission.REVOCATION_NOTIFICATION" />
123-->[com.google.android.gms:play-services-auth:16.0.1] AndroidManifest.xml:36:13-107
124
125        <activity
125-->[com.google.firebase:firebase-auth:19.2.0] AndroidManifest.xml:24:9-31:50
126            android:name="com.google.firebase.auth.internal.FederatedSignInActivity"
126-->[com.google.firebase:firebase-auth:19.2.0] AndroidManifest.xml:25:13-85
127            android:excludeFromRecents="true"
127-->[com.google.firebase:firebase-auth:19.2.0] AndroidManifest.xml:26:13-46
128            android:exported="true"
128-->[com.google.firebase:firebase-auth:19.2.0] AndroidManifest.xml:27:13-36
129            android:launchMode="singleTask"
129-->[com.google.firebase:firebase-auth:19.2.0] AndroidManifest.xml:28:13-44
130            android:permission="com.google.firebase.auth.api.gms.permission.LAUNCH_FEDERATED_SIGN_IN"
130-->[com.google.firebase:firebase-auth:19.2.0] AndroidManifest.xml:29:13-102
131            android:theme="@android:style/Theme.Translucent.NoTitleBar" />
131-->[com.google.firebase:firebase-auth:19.2.0] AndroidManifest.xml:30:13-72
132
133        <receiver
133-->[com.google.firebase:firebase-iid:17.1.2] AndroidManifest.xml:37:9-44:20
134            android:name="com.google.firebase.iid.FirebaseInstanceIdReceiver"
134-->[com.google.firebase:firebase-iid:17.1.2] AndroidManifest.xml:38:13-78
135            android:exported="true"
135-->[com.google.firebase:firebase-iid:17.1.2] AndroidManifest.xml:39:13-36
136            android:permission="com.google.android.c2dm.permission.SEND" >
136-->[com.google.firebase:firebase-iid:17.1.2] AndroidManifest.xml:40:13-73
137            <intent-filter>
137-->[com.google.firebase:firebase-iid:17.1.2] AndroidManifest.xml:41:13-43:29
138                <action android:name="com.google.android.c2dm.intent.RECEIVE" />
138-->[com.google.firebase:firebase-iid:17.1.2] AndroidManifest.xml:42:17-81
138-->[com.google.firebase:firebase-iid:17.1.2] AndroidManifest.xml:42:25-78
139            </intent-filter>
140        </receiver>
141        <!--
142             FirebaseInstanceIdService performs security checks at runtime,
143             no need for explicit permissions despite exported="true"
144        -->
145        <service
145-->[com.google.firebase:firebase-iid:17.1.2] AndroidManifest.xml:50:9-56:19
146            android:name="com.google.firebase.iid.FirebaseInstanceIdService"
146-->[com.google.firebase:firebase-iid:17.1.2] AndroidManifest.xml:51:13-77
147            android:exported="true" >
147-->[com.google.firebase:firebase-iid:17.1.2] AndroidManifest.xml:52:13-36
148            <intent-filter android:priority="-500" >
148-->[com.google.firebase:firebase-iid:17.1.2] AndroidManifest.xml:53:13-55:29
148-->[com.google.firebase:firebase-iid:17.1.2] AndroidManifest.xml:53:28-51
149                <action android:name="com.google.firebase.INSTANCE_ID_EVENT" />
149-->[com.google.firebase:firebase-iid:17.1.2] AndroidManifest.xml:54:17-80
149-->[com.google.firebase:firebase-iid:17.1.2] AndroidManifest.xml:54:25-77
150            </intent-filter>
151        </service>
152
153        <activity
153-->[com.google.android.gms:play-services-base:17.2.1] AndroidManifest.xml:23:9-26:75
154            android:name="com.google.android.gms.common.api.GoogleApiActivity"
154-->[com.google.android.gms:play-services-base:17.2.1] AndroidManifest.xml:24:13-79
155            android:exported="false"
155-->[com.google.android.gms:play-services-base:17.2.1] AndroidManifest.xml:25:13-37
156            android:theme="@android:style/Theme.Translucent.NoTitleBar" />
156-->[com.google.android.gms:play-services-base:17.2.1] AndroidManifest.xml:26:13-72
157
158        <provider
158-->[com.google.firebase:firebase-common:19.3.0] AndroidManifest.xml:26:9-30:39
159            android:name="com.google.firebase.provider.FirebaseInitProvider"
159-->[com.google.firebase:firebase-common:19.3.0] AndroidManifest.xml:27:13-77
160            android:authorities="felipe.samu.baitadelivery.firebaseinitprovider"
160-->[com.google.firebase:firebase-common:19.3.0] AndroidManifest.xml:28:13-72
161            android:exported="false"
161-->[com.google.firebase:firebase-common:19.3.0] AndroidManifest.xml:29:13-37
162            android:initOrder="100" />
162-->[com.google.firebase:firebase-common:19.3.0] AndroidManifest.xml:30:13-36
163
164        <receiver
164-->[com.google.android.gms:play-services-measurement:16.5.0] AndroidManifest.xml:29:9-33:20
165            android:name="com.google.android.gms.measurement.AppMeasurementReceiver"
165-->[com.google.android.gms:play-services-measurement:16.5.0] AndroidManifest.xml:30:13-85
166            android:enabled="true"
166-->[com.google.android.gms:play-services-measurement:16.5.0] AndroidManifest.xml:31:13-35
167            android:exported="false" >
167-->[com.google.android.gms:play-services-measurement:16.5.0] AndroidManifest.xml:32:13-37
168        </receiver>
169        <receiver
169-->[com.google.android.gms:play-services-measurement:16.5.0] AndroidManifest.xml:34:9-42:20
170            android:name="com.google.android.gms.measurement.AppMeasurementInstallReferrerReceiver"
170-->[com.google.android.gms:play-services-measurement:16.5.0] AndroidManifest.xml:35:13-100
171            android:enabled="true"
171-->[com.google.android.gms:play-services-measurement:16.5.0] AndroidManifest.xml:36:13-35
172            android:exported="true"
172-->[com.google.android.gms:play-services-measurement:16.5.0] AndroidManifest.xml:37:13-36
173            android:permission="android.permission.INSTALL_PACKAGES" >
173-->[com.google.android.gms:play-services-measurement:16.5.0] AndroidManifest.xml:38:13-69
174            <intent-filter>
174-->[com.google.android.gms:play-services-measurement:16.5.0] AndroidManifest.xml:39:13-41:29
175                <action android:name="com.android.vending.INSTALL_REFERRER" />
175-->[com.google.android.gms:play-services-measurement:16.5.0] AndroidManifest.xml:40:17-79
175-->[com.google.android.gms:play-services-measurement:16.5.0] AndroidManifest.xml:40:25-76
176            </intent-filter>
177        </receiver>
178
179        <service
179-->[com.google.android.gms:play-services-measurement:16.5.0] AndroidManifest.xml:44:9-47:40
180            android:name="com.google.android.gms.measurement.AppMeasurementService"
180-->[com.google.android.gms:play-services-measurement:16.5.0] AndroidManifest.xml:45:13-84
181            android:enabled="true"
181-->[com.google.android.gms:play-services-measurement:16.5.0] AndroidManifest.xml:46:13-35
182            android:exported="false" />
182-->[com.google.android.gms:play-services-measurement:16.5.0] AndroidManifest.xml:47:13-37
183        <service
183-->[com.google.android.gms:play-services-measurement:16.5.0] AndroidManifest.xml:48:9-52:72
184            android:name="com.google.android.gms.measurement.AppMeasurementJobService"
184-->[com.google.android.gms:play-services-measurement:16.5.0] AndroidManifest.xml:49:13-87
185            android:enabled="true"
185-->[com.google.android.gms:play-services-measurement:16.5.0] AndroidManifest.xml:50:13-35
186            android:exported="false"
186-->[com.google.android.gms:play-services-measurement:16.5.0] AndroidManifest.xml:51:13-37
187            android:permission="android.permission.BIND_JOB_SERVICE" />
187-->[com.google.android.gms:play-services-measurement:16.5.0] AndroidManifest.xml:52:13-69
188
189        <meta-data
189-->[com.google.android.gms:play-services-basement:17.2.1] AndroidManifest.xml:23:9-25:69
190            android:name="com.google.android.gms.version"
190-->[com.google.android.gms:play-services-basement:17.2.1] AndroidManifest.xml:24:13-58
191            android:value="@integer/google_play_services_version" />
191-->[com.google.android.gms:play-services-basement:17.2.1] AndroidManifest.xml:25:13-66
192    </application>
193
194</manifest>